<?xml version="1.0" encoding="UTF-8"?>
<!-- Generated by org.testng.reporters.JUnitXMLReporter -->
<testsuite hostname="qapitol-ThinkPad-L470" ignored="0" name="APITest" tests="7" failures="0" timestamp="2019-09-10T17:25:55 IST" time="9.213" errors="0">
  <testcase name="checkResponseBody" time="0.032" classname="com.restAssured_employeeApi.testCases.TC01_GET_allEmployeesDetails"/>
  <testcase name="checkResponseCode" time="0.002" classname="com.restAssured_employeeApi.testCases.TC01_GET_allEmployeesDetails"/>
  <testcase name="checkResponseBody" time="0.004" classname="com.restAssured_employeeApi.testCases.TC02_GET_employeeDetails"/>
  <testcase name="checkResponseCode" time="0.001" classname="com.restAssured_employeeApi.testCases.TC02_GET_employeeDetails"/>
  <testcase name="checkResponseCode" time="0.002" classname="com.restAssured_employeeApi.testCases.TC03_POST_addEmployee"/>
  <testcase name="checkResponseCode" time="0.004" classname="com.restAssured_employeeApi.testCases.TC04_PUT_updateEmployeeDetails"/>
  <testcase name="checkResponseCode" time="0.003" classname="com.restAssured_employeeApi.testCases.TC05_DELETE_deleteEmployee"/>
</testsuite> <!-- APITest -->
