<?xml version="1.0" encoding="UTF-8"?>
<!-- Generated by org.testng.reporters.JUnitXMLReporter -->
<testsuite hostname="qapitol-ThinkPad-L470" ignored="4" name="ApiTestReports" tests="5" failures="0" timestamp="2019-09-26T14:41:44 IST" time="8.879" errors="0">
  <testcase name="validateResponseOfAddEmployee" time="0.077" classname="com.restAssuredEmployeeApi.testCases.AddEmployee"/>
  <testcase name="validateResponseOfGetAllEmployees" time="0.419" classname="com.restAssuredEmployeeApi.testCases.GetAllEmployees"/>
  <testcase name="validateResponseOfUpdateEmployee" time="0.043" classname="com.restAssuredEmployeeApi.testCases.UpdateEmployee"/>
  <testcase name="validateResponseOfGetEmployee" time="0.018" classname="com.restAssuredEmployeeApi.testCases.GetEmployee"/>
  <testcase name="validateResponseOfDeleteEmployee" time="0.039" classname="com.restAssuredEmployeeApi.testCases.DeleteEmployee"/>
  <testcase name="@BeforeTest setUp" time="0.0" classname="com.restAssuredEmployeeApi.base.TestBase">
    <ignored/>
  </testcase> <!-- @BeforeTest setUp -->
  <testcase name="@BeforeTest setUp" time="0.0" classname="com.restAssuredEmployeeApi.base.TestBase">
    <ignored/>
  </testcase> <!-- @BeforeTest setUp -->
  <testcase name="@BeforeTest setUp" time="0.0" classname="com.restAssuredEmployeeApi.base.TestBase">
    <ignored/>
  </testcase> <!-- @BeforeTest setUp -->
  <testcase name="@BeforeTest setUp" time="0.0" classname="com.restAssuredEmployeeApi.base.TestBase">
    <ignored/>
  </testcase> <!-- @BeforeTest setUp -->
</testsuite> <!-- ApiTestReports -->
