<?xml version="1.0" encoding="UTF-8"?>
<!-- Generated by org.testng.reporters.JUnitXMLReporter -->
<testsuite hostname="qapitol-ThinkPad-L470" name="Test" tests="5" failures="0" timestamp="1 Oct 2019 06:43:32 GMT" time="8.815" errors="0">
  <testcase name="validateResponseOfAddEmployee" time="0.055" classname="com.restassuredemployeeapi.testCases.AddEmployee"/>
  <testcase name="validateResponseOfGetAllEmployees" time="0.408" classname="com.restassuredemployeeapi.testCases.GetAllEmployees"/>
  <testcase name="validateResponseOfUpdateEmployee" time="0.021" classname="com.restassuredemployeeapi.testCases.UpdateEmployee"/>
  <testcase name="validateResponseOfGetEmployee" time="0.01" classname="com.restassuredemployeeapi.testCases.GetEmployee"/>
  <testcase name="validateResponseOfDeleteEmployee" time="0.018" classname="com.restassuredemployeeapi.testCases.DeleteEmployee"/>
</testsuite> <!-- Test -->
