<?xml version="1.0" encoding="UTF-8"?>
<!-- Generated by org.testng.reporters.JUnitXMLReporter -->
<testsuite hostname="qapitol-ThinkPad-L470" ignored="0" name="Test" tests="5" failures="0" timestamp="2019-09-16T14:38:19 IST" time="8.834" errors="0">
  <testcase name="ValidateResponse" time="0.055" classname="com.restAssuredEmployeeApi.testCases.AddEmployee"/>
  <testcase name="ValidateResponse" time="0.495" classname="com.restAssuredEmployeeApi.testCases.GetAllEmployees"/>
  <testcase name="ValidateResponse" time="0.021" classname="com.restAssuredEmployeeApi.testCases.DeleteEmployee"/>
  <testcase name="ValidateResponse" time="0.022" classname="com.restAssuredEmployeeApi.testCases.UpdateEmployee"/>
  <testcase name="ValidateResponse" time="0.01" classname="com.restAssuredEmployeeApi.testCases.GetEmployee"/>
</testsuite> <!-- Test -->
