<?xml version="1.0" encoding="UTF-8"?>
<testng-results skipped="0" failed="1" ignored="0" total="5" passed="4">
  <reporter-output>
  </reporter-output>
  <suite name="Suite" duration-ms="9080" started-at="2019-09-16T23:48:35 IST" finished-at="2019-09-16T23:48:45 IST">
    <groups>
    </groups>
    <test name="Test" duration-ms="9080" started-at="2019-09-16T23:48:35 IST" finished-at="2019-09-16T23:48:45 IST">
      <class name="com.restAssuredEmployeeApi.testCases.UpdateEmployee">
        <test-method status="PASS" signature="setUp()[pri:0, instance:com.restAssuredEmployeeApi.testCases.UpdateEmployee@27c20538]" name="setUp" is-config="true" duration-ms="1" started-at="2019-09-16T23:48:42 IST" finished-at="2019-09-16T23:48:42 IST">
          <reporter-output>
          </reporter-output>
        </test-method> <!-- setUp -->
        <test-method status="PASS" signature="updateEmployee()[pri:0, instance:com.restAssuredEmployeeApi.testCases.UpdateEmployee@27c20538]" name="updateEmployee" is-config="true" duration-ms="2023" started-at="2019-09-16T23:48:42 IST" finished-at="2019-09-16T23:48:44 IST">
          <reporter-output>
          </reporter-output>
        </test-method> <!-- updateEmployee -->
        <test-method status="PASS" signature="setUp()[pri:0, instance:com.restAssuredEmployeeApi.testCases.UpdateEmployee@27c20538]" name="setUp" is-config="true" duration-ms="2" started-at="2019-09-16T23:48:44 IST" finished-at="2019-09-16T23:48:44 IST">
          <reporter-output>
          </reporter-output>
        </test-method> <!-- setUp -->
        <test-method status="PASS" signature="ValidateResponse()[pri:0, instance:com.restAssuredEmployeeApi.testCases.UpdateEmployee@27c20538]" name="ValidateResponse" duration-ms="42" started-at="2019-09-16T23:48:44 IST" finished-at="2019-09-16T23:48:45 IST">
          <reporter-output>
          </reporter-output>
        </test-method> <!-- ValidateResponse -->
      </class> <!-- com.restAssuredEmployeeApi.testCases.UpdateEmployee -->
      <class name="com.restAssuredEmployeeApi.testCases.GetEmployee">
        <test-method status="PASS" signature="setUp()[pri:0, instance:com.restAssuredEmployeeApi.testCases.GetEmployee@72d818d1]" name="setUp" is-config="true" duration-ms="1" started-at="2019-09-16T23:48:45 IST" finished-at="2019-09-16T23:48:45 IST">
          <reporter-output>
          </reporter-output>
        </test-method> <!-- setUp -->
        <test-method status="PASS" signature="getEmployeeDetails()[pri:0, instance:com.restAssuredEmployeeApi.testCases.GetEmployee@72d818d1]" name="getEmployeeDetails" is-config="true" duration-ms="17" started-at="2019-09-16T23:48:45 IST" finished-at="2019-09-16T23:48:45 IST">
          <reporter-output>
          </reporter-output>
        </test-method> <!-- getEmployeeDetails -->
        <test-method status="PASS" signature="setUp()[pri:0, instance:com.restAssuredEmployeeApi.testCases.GetEmployee@72d818d1]" name="setUp" is-config="true" duration-ms="0" started-at="2019-09-16T23:48:45 IST" finished-at="2019-09-16T23:48:45 IST">
          <reporter-output>
          </reporter-output>
        </test-method> <!-- setUp -->
        <test-method status="PASS" signature="ValidateResponse()[pri:0, instance:com.restAssuredEmployeeApi.testCases.GetEmployee@72d818d1]" name="ValidateResponse" duration-ms="13" started-at="2019-09-16T23:48:45 IST" finished-at="2019-09-16T23:48:45 IST">
          <reporter-output>
          </reporter-output>
        </test-method> <!-- ValidateResponse -->
      </class> <!-- com.restAssuredEmployeeApi.testCases.GetEmployee -->
      <class name="com.restAssuredEmployeeApi.testCases.AddEmployee">
        <test-method status="PASS" signature="setUp()[pri:0, instance:com.restAssuredEmployeeApi.testCases.AddEmployee@1e397ed7]" name="setUp" is-config="true" duration-ms="26" started-at="2019-09-16T23:48:35 IST" finished-at="2019-09-16T23:48:36 IST">
          <reporter-output>
          </reporter-output>
        </test-method> <!-- setUp -->
        <test-method status="PASS" signature="addEmployeeDetails()[pri:0, instance:com.restAssuredEmployeeApi.testCases.AddEmployee@1e397ed7]" name="addEmployeeDetails" is-config="true" duration-ms="4301" started-at="2019-09-16T23:48:36 IST" finished-at="2019-09-16T23:48:40 IST">
          <reporter-output>
          </reporter-output>
        </test-method> <!-- addEmployeeDetails -->
        <test-method status="PASS" signature="setUp()[pri:0, instance:com.restAssuredEmployeeApi.testCases.AddEmployee@1e397ed7]" name="setUp" is-config="true" duration-ms="1" started-at="2019-09-16T23:48:40 IST" finished-at="2019-09-16T23:48:40 IST">
          <reporter-output>
          </reporter-output>
        </test-method> <!-- setUp -->
        <test-method status="PASS" signature="ValidateResponse()[pri:0, instance:com.restAssuredEmployeeApi.testCases.AddEmployee@1e397ed7]" name="ValidateResponse" duration-ms="84" started-at="2019-09-16T23:48:40 IST" finished-at="2019-09-16T23:48:40 IST">
          <reporter-output>
          </reporter-output>
        </test-method> <!-- ValidateResponse -->
      </class> <!-- com.restAssuredEmployeeApi.testCases.AddEmployee -->
      <class name="com.restAssuredEmployeeApi.testCases.GetAllEmployees">
        <test-method status="PASS" signature="setUp()[pri:0, instance:com.restAssuredEmployeeApi.testCases.GetAllEmployees@490ab905]" name="setUp" is-config="true" duration-ms="1" started-at="2019-09-16T23:48:40 IST" finished-at="2019-09-16T23:48:40 IST">
          <reporter-output>
          </reporter-output>
        </test-method> <!-- setUp -->
        <test-method status="PASS" signature="getAllEmployeesDetails()[pri:0, instance:com.restAssuredEmployeeApi.testCases.GetAllEmployees@490ab905]" name="getAllEmployeesDetails" is-config="true" duration-ms="20" started-at="2019-09-16T23:48:40 IST" finished-at="2019-09-16T23:48:40 IST">
          <reporter-output>
          </reporter-output>
        </test-method> <!-- getAllEmployeesDetails -->
        <test-method status="PASS" signature="setUp()[pri:0, instance:com.restAssuredEmployeeApi.testCases.GetAllEmployees@490ab905]" name="setUp" is-config="true" duration-ms="0" started-at="2019-09-16T23:48:40 IST" finished-at="2019-09-16T23:48:40 IST">
          <reporter-output>
          </reporter-output>
        </test-method> <!-- setUp -->
        <test-method status="PASS" signature="ValidateResponse()[pri:0, instance:com.restAssuredEmployeeApi.testCases.GetAllEmployees@490ab905]" name="ValidateResponse" duration-ms="402" started-at="2019-09-16T23:48:40 IST" finished-at="2019-09-16T23:48:40 IST">
          <reporter-output>
          </reporter-output>
        </test-method> <!-- ValidateResponse -->
      </class> <!-- com.restAssuredEmployeeApi.testCases.GetAllEmployees -->
      <class name="com.restAssuredEmployeeApi.testCases.DeleteEmployee">
        <test-method status="PASS" signature="setUp()[pri:0, instance:com.restAssuredEmployeeApi.testCases.DeleteEmployee@56ac3a89]" name="setUp" is-config="true" duration-ms="1" started-at="2019-09-16T23:48:40 IST" finished-at="2019-09-16T23:48:40 IST">
          <reporter-output>
          </reporter-output>
        </test-method> <!-- setUp -->
        <test-method status="PASS" signature="deleteEmployee()[pri:0, instance:com.restAssuredEmployeeApi.testCases.DeleteEmployee@56ac3a89]" name="deleteEmployee" is-config="true" duration-ms="2100" started-at="2019-09-16T23:48:40 IST" finished-at="2019-09-16T23:48:42 IST">
          <reporter-output>
          </reporter-output>
        </test-method> <!-- deleteEmployee -->
        <test-method status="PASS" signature="setUp()[pri:0, instance:com.restAssuredEmployeeApi.testCases.DeleteEmployee@56ac3a89]" name="setUp" is-config="true" duration-ms="2" started-at="2019-09-16T23:48:42 IST" finished-at="2019-09-16T23:48:42 IST">
          <reporter-output>
          </reporter-output>
        </test-method> <!-- setUp -->
        <test-method status="FAIL" signature="ValidateResponse()[pri:0, instance:com.restAssuredEmployeeApi.testCases.DeleteEmployee@56ac3a89]" name="ValidateResponse" duration-ms="2" started-at="2019-09-16T23:48:42 IST" finished-at="2019-09-16T23:48:42 IST">
          <exception class="java.lang.AssertionError">
            <message>
              <![CDATA[Employee is not Deleted did not expect to find [true] but found [false]]]>
            </message>
            <full-stacktrace>
              <![CDATA[java.lang.AssertionError: Employee is not Deleted did not expect to find [true] but found [false]
at org.testng.Assert.fail(Assert.java:97)
at org.testng.Assert.failNotEquals(Assert.java:969)
at org.testng.Assert.assertTrue(Assert.java:43)
at com.restAssuredEmployeeApi.testCases.DeleteEmployee.ValidateResponse(DeleteEmployee.java:60)
at sun.reflect.NativeMethodAccessorImpl.invoke0(Native Method)
at sun.reflect.NativeMethodAccessorImpl.invoke(NativeMethodAccessorImpl.java:62)
at sun.reflect.DelegatingMethodAccessorImpl.invoke(DelegatingMethodAccessorImpl.java:43)
at java.lang.reflect.Method.invoke(Method.java:498)
at org.testng.internal.MethodInvocationHelper.invokeMethod(MethodInvocationHelper.java:133)
at org.testng.internal.TestInvoker.invokeMethod(TestInvoker.java:584)
at org.testng.internal.TestInvoker.invokeTestMethod(TestInvoker.java:172)
at org.testng.internal.MethodRunner.runInSequence(MethodRunner.java:46)
at org.testng.internal.TestInvoker$MethodInvocationAgent.invoke(TestInvoker.java:804)
at org.testng.internal.TestInvoker.invokeTestMethods(TestInvoker.java:145)
at org.testng.internal.TestMethodWorker.invokeTestMethods(TestMethodWorker.java:146)
at org.testng.internal.TestMethodWorker.run(TestMethodWorker.java:128)
at java.util.ArrayList.forEach(ArrayList.java:1257)
at org.testng.TestRunner.privateRun(TestRunner.java:770)
at org.testng.TestRunner.run(TestRunner.java:591)
at org.testng.SuiteRunner.runTest(SuiteRunner.java:402)
at org.testng.SuiteRunner.runSequentially(SuiteRunner.java:396)
at org.testng.SuiteRunner.privateRun(SuiteRunner.java:355)
at org.testng.SuiteRunner.run(SuiteRunner.java:304)
at org.testng.SuiteRunnerWorker.runSuite(SuiteRunnerWorker.java:53)
at org.testng.SuiteRunnerWorker.run(SuiteRunnerWorker.java:96)
at org.testng.TestNG.runSuitesSequentially(TestNG.java:1180)
at org.testng.TestNG.runSuitesLocally(TestNG.java:1102)
at org.testng.TestNG.runSuites(TestNG.java:1032)
at org.testng.TestNG.run(TestNG.java:1000)
at org.apache.maven.surefire.testng.TestNGExecutor.run(TestNGExecutor.java:281)
at org.apache.maven.surefire.testng.TestNGXmlTestSuite.execute(TestNGXmlTestSuite.java:75)
at org.apache.maven.surefire.testng.TestNGProvider.invoke(TestNGProvider.java:121)
at org.apache.maven.surefire.booter.ForkedBooter.invokeProviderInSameClassLoader(ForkedBooter.java:290)
at org.apache.maven.surefire.booter.ForkedBooter.runSuitesInProcess(ForkedBooter.java:242)
at org.apache.maven.surefire.booter.ForkedBooter.main(ForkedBooter.java:121)
]]>
            </full-stacktrace>
          </exception> <!-- java.lang.AssertionError -->
          <reporter-output>
          </reporter-output>
        </test-method> <!-- ValidateResponse -->
      </class> <!-- com.restAssuredEmployeeApi.testCases.DeleteEmployee -->
    </test> <!-- Test -->
  </suite> <!-- Suite -->
</testng-results>
