<?xml version="1.0" encoding="UTF-8"?>
<testng-results skipped="0" failed="0" ignored="0" total="0" passed="0">
  <reporter-output>
  </reporter-output>
  <suite name="com.restAssured_employeeApi.base.TestBase" duration-ms="8" started-at="2019-09-09T01:25:57 IST" finished-at="2019-09-09T01:25:57 IST">
    <groups>
    </groups>
    <test name="Command line test" duration-ms="8" started-at="2019-09-09T01:25:57 IST" finished-at="2019-09-09T01:25:57 IST">
    </test> <!-- Command line test -->
  </suite> <!-- com.restAssured_employeeApi.base.TestBase -->
</testng-results>
